This is pdfTeX, Version 3.1415926-1.40.10 (TeX Live 2009/Debian) (format=latex 2012.10.17)  21 OCT 2012 20:19
entering extended mode
 %&-line parsing enabled.
**LBMSS.tex
(./LBMSS.tex
LaTeX2e <2009/09/24>
Babel <v3.8l> and hyphenation patterns for english, usenglishmax, dumylang, noh
yphenation, pinyin, loaded.

! LaTeX Error: File `beamer.cls' not found.

Type X to quit or <RETURN> to proceed,
or enter new name. (Default extension: cls)

Enter file name: 
! Emergency stop.
<read *> 
         
l.2 \usepackage
               [space,noindent]{ctex}^^M
End of file on the terminal!

 
Here is how much of TeX's memory you used:
 10 strings out of 495047
 178 string characters out of 1181959
 45117 words of memory out of 3000000
 3288 multiletter control sequences out of 15000+50000
 3640 words of font info for 14 fonts, out of 3000000 for 9000
 28 hyphenation exceptions out of 8191
 10i,0n,7p,78b,8s stack positions out of 5000i,500n,10000p,200000b,50000s
No pages of output.
